defalut
Kfold
2021-06-23 18:59:51,144: ===CV scores===
2021-06-23 18:59:51,144: model name : LightGBM
2021-06-23 18:59:51,145: rmse score : 0.19009
2021-06-23 18:59:51,151: ===CV scores===
2021-06-23 18:59:51,152: model name : mean
2021-06-23 18:59:51,154: rmse score : 0.19009
public : 0.33330

ver2
stratified 
2021-06-23 19:17:56,623: ===CV scores===
2021-06-23 19:17:56,623: model name : LightGBM
2021-06-23 19:17:56,625: rmse score : 0.18964
2021-06-23 19:17:56,630: ===CV scores===
2021-06-23 19:17:56,632: model name : mean
2021-06-23 19:17:56,632: rmse score : 0.18964

ver3
lag type region ごとに4つずらす
rateの導入
2021-06-24 13:33:39,146: ===CV scores===
2021-06-24 13:33:39,146: model name : Lasso
2021-06-24 13:33:39,147: rmse score : 0.36725
2021-06-24 13:33:39,152: ===CV scores===
2021-06-24 13:33:39,152: model name : LightGBM
2021-06-24 13:33:39,154: rmse score : 0.17043
2021-06-24 13:33:39,163: ===CV scores===
2021-06-24 13:33:39,164: model name : mean
2021-06-24 13:33:39,165: rmse score : 0.23787

ver4
stratified group Kfold 2
2021-06-24 14:40:37,221: ===CV scores===
2021-06-24 14:40:37,222: model name : Lasso
2021-06-24 14:40:37,222: rmse score : 0.37645
2021-06-24 14:40:37,230: ===CV scores===
2021-06-24 14:40:37,230: model name : LightGBM
2021-06-24 14:40:37,231: rmse score : 0.23364
2021-06-24 14:40:37,237: ===CV scores===
2021-06-24 14:40:37,237: model name : mean
2021-06-24 14:40:37,238: rmse score : 0.27474

ver4
stratified Kfold 5
2021-06-24 15:10:21,013: ===CV scores===
2021-06-24 15:10:21,013: model name : Lasso
2021-06-24 15:10:21,014: rmse score : 0.36725
2021-06-24 15:10:21,021: ===CV scores===
2021-06-24 15:10:21,021: model name : LightGBM
2021-06-24 15:10:21,023: rmse score : 0.10617
2021-06-24 15:10:21,030: ===CV scores===
2021-06-24 15:10:21,030: model name : mean
2021-06-24 15:10:21,032: rmse score : 0.20802
public : 0.32677

ver5
SG 2
avg4、max5の追加
2021-06-24 15:43:28,850: ===CV scores===
2021-06-24 15:43:28,851: model name : Lasso
2021-06-24 15:43:28,851: rmse score : 0.37595
2021-06-24 15:43:28,859: ===CV scores===
2021-06-24 15:43:28,860: model name : LightGBM
2021-06-24 15:43:28,861: rmse score : 0.24050
2021-06-24 15:43:28,866: ===CV scores===
2021-06-24 15:43:28,866: model name : mean
2021-06-24 15:43:28,867: rmse score : 0.27628

ver5
SG 2
avg4, max5なし
2021-06-24 15:45:17,905: ===CV scores===
2021-06-24 15:45:17,905: model name : Lasso
2021-06-24 15:45:17,906: rmse score : 0.37662
2021-06-24 15:45:17,914: ===CV scores===
2021-06-24 15:45:17,914: model name : LightGBM
2021-06-24 15:45:17,916: rmse score : 0.23458
2021-06-24 15:45:17,922: ===CV scores===
2021-06-24 15:45:17,924: model name : mean
public : 0.34502

ver5
S 5
month_name追加
2021-06-24 17:28:42,810: ===CV scores===
2021-06-24 17:28:42,811: model name : Lasso
2021-06-24 17:28:42,814: rmse score : 0.36742
2021-06-24 17:28:42,825: ===CV scores===
2021-06-24 17:28:42,826: model name : LightGBM
2021-06-24 17:28:42,826: rmse score : 0.11293
2021-06-24 17:28:42,832: ===CV scores===
2021-06-24 17:28:42,833: model name : mean
2021-06-24 17:28:42,834: rmse score : 0.21070

ver5
S 5
regionをラベルエンコード
2021-06-27 12:34:03,269: ===CV scores===
2021-06-27 12:34:03,270: model name : Lasso
2021-06-27 12:34:03,272: rmse score : 0.36907
2021-06-27 12:34:03,293: ===CV scores===
2021-06-27 12:34:03,296: model name : LightGBM
2021-06-27 12:34:03,298: rmse score : 0.11848
2021-06-27 12:34:03,314: ===CV scores===
2021-06-27 12:34:03,316: model name : mean
2021-06-27 12:34:03,317: rmse score : 0.21489

ver6
絶対量削除
2021-06-27 15:23:42,578: ===CV scores===
2021-06-27 15:23:42,580: model name : Lasso
2021-06-27 15:23:42,580: rmse score : 0.37702
2021-06-27 15:23:42,586: ===CV scores===
2021-06-27 15:23:42,586: model name : LightGBM
2021-06-27 15:23:42,587: rmse score : 0.12841
2021-06-27 15:23:42,592: ===CV scores===
2021-06-27 15:23:42,593: model name : mean
2021-06-27 15:23:42,594: rmse score : 0.22196
public:0.34636

ver8
S 5
ver5のチューニング
2021-06-27 16:21:09,773: ===CV scores===
2021-06-27 16:21:09,773: model name : Lasso
2021-06-27 16:21:09,773: rmse score : 0.36618
2021-06-27 16:21:09,778: ===CV scores===
2021-06-27 16:21:09,778: model name : LightGBM
2021-06-27 16:21:09,778: rmse score : 0.11383
2021-06-27 16:21:09,785: ===CV scores===
2021-06-27 16:21:09,787: model name : mean
2021-06-27 16:21:09,787: rmse score : 0.21192